# Logfile created on 2018-10-23 11:48:28 +0200 by logger.rb/56438
  INFO ---------------------------------------------------------------------------
  INFO START 2018-10-23 11:48:28 +0200 cap production deploy
  INFO ---------------------------------------------------------------------------
  INFO [8aae77a4] Running /usr/bin/env mkdir -p /tmp as jminguely@ssh-jminguely.alwaysdata.net
  INFO [a2dd02e5] Finished in 0.918 seconds with exit status 0 (successful).
  INFO Uploading /tmp/git-ssh-dimitrikas.ch-production-mingus.sh 100.0%
  INFO [b0f0f711] Running /usr/bin/env chmod 700 /tmp/git-ssh-dimitrikas.ch-production-mingus.sh as jminguely@ssh-jminguely.alwaysdata.net
  INFO [86286241] Finished in 0.145 seconds with exit status 0 (successful).
  INFO [c4428401] Running /usr/bin/env git ls-remote git@github.com:jminguely/dimitrikas.git HEAD as jminguely@ssh-jminguely.alwaysdata.net
  INFO [8bf35c95] Finished in 1.436 seconds with exit status 0 (successful).
  INFO [ef52eb3f] Running /usr/bin/env mkdir -p /home/jminguely/www/dimitrikas.ch/shared /home/jminguely/www/dimitrikas.ch/releases as jminguely@ssh-jminguely.alwaysdata.net
  INFO [1511a092] Finished in 0.153 seconds with exit status 0 (successful).
  INFO [2d19c45a] Running /usr/bin/env mkdir -p /home/jminguely/www/dimitrikas.ch/shared/htdocs/content/uploads as jminguely@ssh-jminguely.alwaysdata.net
  INFO [74bfbcb4] Finished in 0.153 seconds with exit status 0 (successful).
  INFO [dd2a515f] Running /usr/bin/env mkdir -p /home/jminguely/www/dimitrikas.ch/shared /home/jminguely/www/dimitrikas.ch/shared/htdocs as jminguely@ssh-jminguely.alwaysdata.net
  INFO [a5ccf484] Finished in 0.134 seconds with exit status 0 (successful).
 ERROR linked file /home/jminguely/www/dimitrikas.ch/shared/.env does not exist on ssh-jminguely.alwaysdata.net
  INFO ---------------------------------------------------------------------------
  INFO START 2018-10-23 11:49:36 +0200 cap production deploy
  INFO ---------------------------------------------------------------------------
  INFO [7bbbf6d2] Running /usr/bin/env mkdir -p /tmp as jminguely@ssh-jminguely.alwaysdata.net
  INFO [5f0f29fb] Finished in 0.548 seconds with exit status 0 (successful).
  INFO Uploading /tmp/git-ssh-dimitrikas.ch-production-mingus.sh 100.0%
  INFO [ea4a3dc5] Running /usr/bin/env chmod 700 /tmp/git-ssh-dimitrikas.ch-production-mingus.sh as jminguely@ssh-jminguely.alwaysdata.net
  INFO [5ed3bd24] Finished in 0.126 seconds with exit status 0 (successful).
  INFO [1545bdb5] Running /usr/bin/env git ls-remote git@github.com:jminguely/dimitrikas.git HEAD as jminguely@ssh-jminguely.alwaysdata.net
  INFO [7ac52fd4] Finished in 1.307 seconds with exit status 0 (successful).
  INFO [cad4a3c3] Running /usr/bin/env mkdir -p /home/jminguely/www/dimitrikas.ch/shared /home/jminguely/www/dimitrikas.ch/releases as jminguely@ssh-jminguely.alwaysdata.net
  INFO [1a7cb22d] Finished in 0.599 seconds with exit status 0 (successful).
  INFO [af618719] Running /usr/bin/env mkdir -p /home/jminguely/www/dimitrikas.ch/shared/htdocs/content/uploads as jminguely@ssh-jminguely.alwaysdata.net
  INFO [8ab982c3] Finished in 0.156 seconds with exit status 0 (successful).
  INFO [5e0021d1] Running /usr/bin/env mkdir -p /home/jminguely/www/dimitrikas.ch/shared /home/jminguely/www/dimitrikas.ch/shared/htdocs as jminguely@ssh-jminguely.alwaysdata.net
  INFO [0adf08cd] Finished in 0.124 seconds with exit status 0 (successful).
 ERROR linked file /home/jminguely/www/dimitrikas.ch/shared/.env does not exist on ssh-jminguely.alwaysdata.net
  INFO ---------------------------------------------------------------------------
  INFO START 2018-10-23 11:50:01 +0200 cap production deploy
  INFO ---------------------------------------------------------------------------
  INFO [184cec42] Running /usr/bin/env mkdir -p /tmp as jminguely@ssh-jminguely.alwaysdata.net
  INFO [d5d29a31] Finished in 0.702 seconds with exit status 0 (successful).
  INFO Uploading /tmp/git-ssh-dimitrikas.ch-production-mingus.sh 100.0%
  INFO [7e49cae6] Running /usr/bin/env chmod 700 /tmp/git-ssh-dimitrikas.ch-production-mingus.sh as jminguely@ssh-jminguely.alwaysdata.net
  INFO [0f256478] Finished in 0.233 seconds with exit status 0 (successful).
  INFO [0e462bbe] Running /usr/bin/env git ls-remote git@github.com:jminguely/dimitrikas.git HEAD as jminguely@ssh-jminguely.alwaysdata.net
  INFO [bb114727] Finished in 5.474 seconds with exit status 0 (successful).
  INFO [7d31e625] Running /usr/bin/env mkdir -p /home/jminguely/www/dimitrikas.ch/shared /home/jminguely/www/dimitrikas.ch/releases as jminguely@ssh-jminguely.alwaysdata.net
  INFO [96267269] Finished in 0.176 seconds with exit status 0 (successful).
  INFO [6ca3220e] Running /usr/bin/env mkdir -p /home/jminguely/www/dimitrikas.ch/shared/htdocs/content/uploads as jminguely@ssh-jminguely.alwaysdata.net
  INFO [f94fb789] Finished in 0.156 seconds with exit status 0 (successful).
  INFO [8462cb1b] Running /usr/bin/env mkdir -p /home/jminguely/www/dimitrikas.ch/shared /home/jminguely/www/dimitrikas.ch/shared/htdocs as jminguely@ssh-jminguely.alwaysdata.net
  INFO [14159595] Finished in 0.166 seconds with exit status 0 (successful).
 ERROR linked file /home/jminguely/www/dimitrikas.ch/shared/.env does not exist on ssh-jminguely.alwaysdata.net
  INFO ---------------------------------------------------------------------------
  INFO START 2018-10-23 11:54:12 +0200 cap production deploy
  INFO ---------------------------------------------------------------------------
  INFO [83d679e7] Running /usr/bin/env mkdir -p /tmp as jminguely@ssh-jminguely.alwaysdata.net
  INFO [db6ae90f] Finished in 0.579 seconds with exit status 0 (successful).
  INFO Uploading /tmp/git-ssh-dimitrikas.ch-production-mingus.sh 100.0%
  INFO [630e0647] Running /usr/bin/env chmod 700 /tmp/git-ssh-dimitrikas.ch-production-mingus.sh as jminguely@ssh-jminguely.alwaysdata.net
  INFO [41d7e04a] Finished in 0.148 seconds with exit status 0 (successful).
  INFO [5b5c3da8] Running /usr/bin/env git ls-remote git@github.com:jminguely/dimitrikas.git HEAD as jminguely@ssh-jminguely.alwaysdata.net
  INFO [ef1c522d] Finished in 1.351 seconds with exit status 0 (successful).
  INFO [ebea1ba2] Running /usr/bin/env mkdir -p /home/jminguely/www/dimitrikas.ch/shared /home/jminguely/www/dimitrikas.ch/releases as jminguely@ssh-jminguely.alwaysdata.net
  INFO [be360324] Finished in 0.182 seconds with exit status 0 (successful).
  INFO [91d8fdf5] Running /usr/bin/env mkdir -p /home/jminguely/www/dimitrikas.ch/shared/htdocs/content/uploads as jminguely@ssh-jminguely.alwaysdata.net
  INFO [753695eb] Finished in 0.195 seconds with exit status 0 (successful).
  INFO [59bf6284] Running /usr/bin/env mkdir -p /home/jminguely/www/dimitrikas.ch/shared /home/jminguely/www/dimitrikas.ch/shared/htdocs as jminguely@ssh-jminguely.alwaysdata.net
  INFO [9520ca62] Finished in 0.182 seconds with exit status 0 (successful).
  INFO [93bb1391] Running /usr/bin/env git clone --mirror git@github.com:jminguely/dimitrikas.git /home/jminguely/www/dimitrikas.ch/repo as jminguely@ssh-jminguely.alwaysdata.net
  INFO [5c31a4a8] Finished in 2.409 seconds with exit status 0 (successful).
  INFO [b9a33fad] Running /usr/bin/env git remote set-url origin git@github.com:jminguely/dimitrikas.git as jminguely@ssh-jminguely.alwaysdata.net
  INFO [4b985961] Finished in 0.198 seconds with exit status 0 (successful).
  INFO [184ed659] Running /usr/bin/env git remote update --prune as jminguely@ssh-jminguely.alwaysdata.net
  INFO [9a0cb3d0] Finished in 1.492 seconds with exit status 0 (successful).
  INFO [357d6c55] Running /usr/bin/env mkdir -p /home/jminguely/www/dimitrikas.ch/releases/20181023095415 as jminguely@ssh-jminguely.alwaysdata.net
  INFO [8ff9bce4] Finished in 0.149 seconds with exit status 0 (successful).
  INFO [0bacf8e2] Running /usr/bin/env git archive master | /usr/bin/env tar -x -f - -C /home/jminguely/www/dimitrikas.ch/releases/20181023095415 as jminguely@ssh-jminguely.alwaysdata.net
  INFO [c1f4438a] Finished in 1.233 seconds with exit status 0 (successful).
  INFO [9b08d873] Running /usr/bin/env echo "44c9768e9bce78702328c351e0f0d22a6a3f8350" > REVISION as jminguely@ssh-jminguely.alwaysdata.net
  INFO [f6af162b] Finished in 0.158 seconds with exit status 0 (successful).
  INFO [dc1c85ee] Running /usr/bin/env mkdir -p /home/jminguely/www/dimitrikas.ch/releases/20181023095415 /home/jminguely/www/dimitrikas.ch/releases/20181023095415/htdocs as jminguely@ssh-jminguely.alwaysdata.net
  INFO [13dc7c7e] Finished in 0.178 seconds with exit status 0 (successful).
  INFO [e3cab4e8] Running /usr/bin/env ln -s /home/jminguely/www/dimitrikas.ch/shared/.env /home/jminguely/www/dimitrikas.ch/releases/20181023095415/.env as jminguely@ssh-jminguely.alwaysdata.net
  INFO [6a6fa678] Finished in 0.129 seconds with exit status 0 (successful).
  INFO [d143c6c0] Running /usr/bin/env rm /home/jminguely/www/dimitrikas.ch/releases/20181023095415/htdocs/.htaccess as jminguely@ssh-jminguely.alwaysdata.net
  INFO [12c85790] Finished in 0.144 seconds with exit status 0 (successful).
  INFO [c0428152] Running /usr/bin/env ln -s /home/jminguely/www/dimitrikas.ch/shared/htdocs/.htaccess /home/jminguely/www/dimitrikas.ch/releases/20181023095415/htdocs/.htaccess as jminguely@ssh-jminguely.alwaysdata.net
  INFO [a51dbb30] Finished in 0.155 seconds with exit status 0 (successful).
  INFO [8e2bda91] Running /usr/bin/env mkdir -p /home/jminguely/www/dimitrikas.ch/releases/20181023095415/htdocs/content as jminguely@ssh-jminguely.alwaysdata.net
  INFO [bff3c3f7] Finished in 0.144 seconds with exit status 0 (successful).
  INFO [7594b301] Running /usr/bin/env ln -s /home/jminguely/www/dimitrikas.ch/shared/htdocs/content/uploads /home/jminguely/www/dimitrikas.ch/releases/20181023095415/htdocs/content/uploads as jminguely@ssh-jminguely.alwaysdata.net
  INFO [6f6e5553] Finished in 0.166 seconds with exit status 0 (successful).
  INFO [56342351] Running php /home/jminguely/www/dimitrikas.ch/shared/composer.phar install --no-dev --prefer-dist --no-interaction --quiet --optimize-autoloader as jminguely@ssh-jminguely.alwaysdata.net
  INFO ---------------------------------------------------------------------------
  INFO START 2018-10-23 11:55:23 +0200 cap production deploy
  INFO ---------------------------------------------------------------------------
  INFO [f8e6883d] Running /usr/bin/env mkdir -p /tmp as jminguely@ssh-jminguely.alwaysdata.net
  INFO [cbe71182] Finished in 1.808 seconds with exit status 0 (successful).
  INFO Uploading /tmp/git-ssh-dimitrikas.ch-production-mingus.sh 100.0%
  INFO [7d7cc025] Running /usr/bin/env chmod 700 /tmp/git-ssh-dimitrikas.ch-production-mingus.sh as jminguely@ssh-jminguely.alwaysdata.net
  INFO [a49356dd] Finished in 0.146 seconds with exit status 0 (successful).
  INFO [af7e1a15] Running /usr/bin/env git ls-remote git@github.com:jminguely/dimitrikas.git HEAD as jminguely@ssh-jminguely.alwaysdata.net
  INFO [6a232524] Finished in 1.347 seconds with exit status 0 (successful).
  INFO [459541e7] Running /usr/bin/env mkdir -p /home/jminguely/www/dimitrikas.ch/shared /home/jminguely/www/dimitrikas.ch/releases as jminguely@ssh-jminguely.alwaysdata.net
  INFO [270cf708] Finished in 0.303 seconds with exit status 0 (successful).
  INFO [0d4b34bd] Running /usr/bin/env mkdir -p /home/jminguely/www/dimitrikas.ch/shared/htdocs/content/uploads as jminguely@ssh-jminguely.alwaysdata.net
  INFO [1b00ba16] Finished in 0.140 seconds with exit status 0 (successful).
  INFO [3f12cef3] Running /usr/bin/env mkdir -p /home/jminguely/www/dimitrikas.ch/shared /home/jminguely/www/dimitrikas.ch/shared/htdocs as jminguely@ssh-jminguely.alwaysdata.net
  INFO [c5074b3b] Finished in 0.164 seconds with exit status 0 (successful).
  INFO The repository mirror is at /home/jminguely/www/dimitrikas.ch/repo
  INFO [f64c7fe2] Running /usr/bin/env git remote set-url origin git@github.com:jminguely/dimitrikas.git as jminguely@ssh-jminguely.alwaysdata.net
  INFO [01b307a6] Finished in 0.151 seconds with exit status 0 (successful).
  INFO [947675b3] Running /usr/bin/env git remote update --prune as jminguely@ssh-jminguely.alwaysdata.net
  INFO [df32f79d] Finished in 1.344 seconds with exit status 0 (successful).
  INFO [effc12ec] Running /usr/bin/env mkdir -p /home/jminguely/www/dimitrikas.ch/releases/20181023095528 as jminguely@ssh-jminguely.alwaysdata.net
  INFO [dd659059] Finished in 0.148 seconds with exit status 0 (successful).
  INFO [e439bda2] Running /usr/bin/env git archive master | /usr/bin/env tar -x -f - -C /home/jminguely/www/dimitrikas.ch/releases/20181023095528 as jminguely@ssh-jminguely.alwaysdata.net
  INFO [7b426b75] Finished in 1.098 seconds with exit status 0 (successful).
  INFO [625da342] Running /usr/bin/env echo "44c9768e9bce78702328c351e0f0d22a6a3f8350" > REVISION as jminguely@ssh-jminguely.alwaysdata.net
  INFO [902134e4] Finished in 0.147 seconds with exit status 0 (successful).
  INFO [73a41fa4] Running /usr/bin/env mkdir -p /home/jminguely/www/dimitrikas.ch/releases/20181023095528 /home/jminguely/www/dimitrikas.ch/releases/20181023095528/htdocs as jminguely@ssh-jminguely.alwaysdata.net
  INFO [67e93cf4] Finished in 0.159 seconds with exit status 0 (successful).
  INFO [78a4d9fa] Running /usr/bin/env ln -s /home/jminguely/www/dimitrikas.ch/shared/.env /home/jminguely/www/dimitrikas.ch/releases/20181023095528/.env as jminguely@ssh-jminguely.alwaysdata.net
  INFO [d5da8c40] Finished in 0.143 seconds with exit status 0 (successful).
  INFO [1ef41c94] Running /usr/bin/env rm /home/jminguely/www/dimitrikas.ch/releases/20181023095528/htdocs/.htaccess as jminguely@ssh-jminguely.alwaysdata.net
  INFO [7dd28ff9] Finished in 0.142 seconds with exit status 0 (successful).
  INFO [53159aba] Running /usr/bin/env ln -s /home/jminguely/www/dimitrikas.ch/shared/htdocs/.htaccess /home/jminguely/www/dimitrikas.ch/releases/20181023095528/htdocs/.htaccess as jminguely@ssh-jminguely.alwaysdata.net
  INFO [9349f0ec] Finished in 0.182 seconds with exit status 0 (successful).
  INFO [11c0b269] Running /usr/bin/env mkdir -p /home/jminguely/www/dimitrikas.ch/releases/20181023095528/htdocs/content as jminguely@ssh-jminguely.alwaysdata.net
  INFO [adb3821c] Finished in 0.135 seconds with exit status 0 (successful).
  INFO [9f9a0412] Running /usr/bin/env ln -s /home/jminguely/www/dimitrikas.ch/shared/htdocs/content/uploads /home/jminguely/www/dimitrikas.ch/releases/20181023095528/htdocs/content/uploads as jminguely@ssh-jminguely.alwaysdata.net
  INFO [fc6e9c6d] Finished in 0.154 seconds with exit status 0 (successful).
  INFO [3db67678] Running php /home/jminguely/www/dimitrikas.ch/shared/composer.phar install --no-dev --prefer-dist --no-interaction --quiet --optimize-autoloader as jminguely@ssh-jminguely.alwaysdata.net
  INFO [a47f920b] Finished in 57.176 seconds with exit status 0 (successful).
  INFO [f2e18c46] Running /usr/bin/env yarn --check-files --no-progress --silent as mingus@localhost
  INFO [333c8705] Finished in 9.187 seconds with exit status 0 (successful).
  INFO [fbab176f] Running /usr/bin/env yarn build --production as mingus@localhost
  INFO [b6568c00] Finished in 10.572 seconds with exit status 0 (successful).
  INFO Upload from local: [35mhtdocs/content/themes/dimitrikas/build[0m to remote [35m/home/jminguely/www/dimitrikas.ch/releases/20181023095528/htdocs/content/themes/dimitrikas/build[0m
  INFO Uploading htdocs/content/themes/dimitrikas/build/favicons/README.md 100.0%
  INFO Uploading htdocs/content/themes/dimitrikas/build/css/base.css 15.59%
  INFO Uploading htdocs/content/themes/dimitrikas/build/css/base.css 31.17%
  INFO Uploading htdocs/content/themes/dimitrikas/build/css/base.css 46.76%
  INFO Uploading htdocs/content/themes/dimitrikas/build/css/base.css 62.34%
  INFO Uploading htdocs/content/themes/dimitrikas/build/css/base.css 77.93%
  INFO Uploading htdocs/content/themes/dimitrikas/build/css/base.css 93.51%
  INFO Uploading htdocs/content/themes/dimitrikas/build/css/base.css 100.0%
  INFO Uploading htdocs/content/themes/dimitrikas/build/images/quotes.png 100.0%
  INFO Uploading htdocs/content/themes/dimitrikas/build/images/logo.png 100.0%
  INFO Uploading htdocs/content/themes/dimitrikas/build/js/app.bundle.js 100.0%
  INFO Uploading htdocs/content/themes/dimitrikas/build/js/vendors.min.js 18.97%
  INFO Uploading htdocs/content/themes/dimitrikas/build/js/vendors.min.js 37.93%
  INFO Uploading htdocs/content/themes/dimitrikas/build/js/vendors.min.js 56.9%
  INFO Uploading htdocs/content/themes/dimitrikas/build/js/vendors.min.js 75.87%
  INFO Uploading htdocs/content/themes/dimitrikas/build/js/vendors.min.js 94.83%
  INFO Uploading htdocs/content/themes/dimitrikas/build/js/vendors.min.js 100.0%
  INFO Uploading htdocs/content/themes/dimitrikas/build/icons/icons.svg 100.0%
  INFO Uploading htdocs/content/themes/dimitrikas/build/fonts/crimson-roman-webfont.woff2 49.41%
  INFO Uploading htdocs/content/themes/dimitrikas/build/fonts/crimson-roman-webfont.woff2 98.83%
  INFO Uploading htdocs/content/themes/dimitrikas/build/fonts/crimson-roman-webfont.woff2 100.0%
  INFO Uploading htdocs/content/themes/dimitrikas/build/fonts/crimson-italic-webfont.woff2 46.0%
  INFO Uploading htdocs/content/themes/dimitrikas/build/fonts/crimson-italic-webfont.woff2 91.99%
  INFO Uploading htdocs/content/themes/dimitrikas/build/fonts/crimson-italic-webfont.woff2 100.0%
  INFO [3756de02] Running /usr/bin/env ln -s /home/jminguely/www/dimitrikas.ch/releases/20181023095528 /home/jminguely/www/dimitrikas.ch/releases/current as jminguely@ssh-jminguely.alwaysdata.net
  INFO [7c1ef96f] Finished in 0.253 seconds with exit status 0 (successful).
  INFO [efbf4947] Running /usr/bin/env mv /home/jminguely/www/dimitrikas.ch/releases/current /home/jminguely/www/dimitrikas.ch as jminguely@ssh-jminguely.alwaysdata.net
  INFO ---------------------------------------------------------------------------
  INFO START 2018-10-23 11:57:27 +0200 cap production deploy
  INFO ---------------------------------------------------------------------------
  INFO [8fc24e87] Running /usr/bin/env mkdir -p /tmp as jminguely@ssh-jminguely.alwaysdata.net
  INFO [ebd8ba55] Finished in 0.588 seconds with exit status 0 (successful).
  INFO Uploading /tmp/git-ssh-dimitrikas.ch-production-mingus.sh 100.0%
  INFO [bc60d1b0] Running /usr/bin/env chmod 700 /tmp/git-ssh-dimitrikas.ch-production-mingus.sh as jminguely@ssh-jminguely.alwaysdata.net
  INFO [bbaaa420] Finished in 0.138 seconds with exit status 0 (successful).
  INFO [0dc94527] Running /usr/bin/env git ls-remote git@github.com:jminguely/dimitrikas.git HEAD as jminguely@ssh-jminguely.alwaysdata.net
  INFO [bc4416f7] Finished in 1.406 seconds with exit status 0 (successful).
  INFO [23050b6f] Running /usr/bin/env mkdir -p /home/jminguely/www/dimitrikas.ch/shared /home/jminguely/www/dimitrikas.ch/releases as jminguely@ssh-jminguely.alwaysdata.net
  INFO [1c0c53a5] Finished in 0.142 seconds with exit status 0 (successful).
  INFO [b0bf52ee] Running /usr/bin/env mkdir -p /home/jminguely/www/dimitrikas.ch/shared/htdocs/content/uploads as jminguely@ssh-jminguely.alwaysdata.net
  INFO [8f4a6dba] Finished in 0.159 seconds with exit status 0 (successful).
  INFO [f863834a] Running /usr/bin/env mkdir -p /home/jminguely/www/dimitrikas.ch/shared /home/jminguely/www/dimitrikas.ch/shared/htdocs as jminguely@ssh-jminguely.alwaysdata.net
  INFO [ed18aa71] Finished in 0.122 seconds with exit status 0 (successful).
  INFO The repository mirror is at /home/jminguely/www/dimitrikas.ch/repo
  INFO [3ada4701] Running /usr/bin/env git remote set-url origin git@github.com:jminguely/dimitrikas.git as jminguely@ssh-jminguely.alwaysdata.net
  INFO [bcb262b4] Finished in 0.142 seconds with exit status 0 (successful).
  INFO [8fdfabae] Running /usr/bin/env git remote update --prune as jminguely@ssh-jminguely.alwaysdata.net
  INFO [8813acd7] Finished in 1.572 seconds with exit status 0 (successful).
  INFO [12560f97] Running /usr/bin/env mkdir -p /home/jminguely/www/dimitrikas.ch/releases/20181023095730 as jminguely@ssh-jminguely.alwaysdata.net
  INFO [d0437a13] Finished in 0.175 seconds with exit status 0 (successful).
  INFO [640cdb43] Running /usr/bin/env git archive master | /usr/bin/env tar -x -f - -C /home/jminguely/www/dimitrikas.ch/releases/20181023095730 as jminguely@ssh-jminguely.alwaysdata.net
  INFO [80916dec] Finished in 1.516 seconds with exit status 0 (successful).
  INFO [35a3979d] Running /usr/bin/env echo "44c9768e9bce78702328c351e0f0d22a6a3f8350" > REVISION as jminguely@ssh-jminguely.alwaysdata.net
  INFO [4e3174d0] Finished in 0.165 seconds with exit status 0 (successful).
  INFO [44b7eaef] Running /usr/bin/env mkdir -p /home/jminguely/www/dimitrikas.ch/releases/20181023095730 /home/jminguely/www/dimitrikas.ch/releases/20181023095730/htdocs as jminguely@ssh-jminguely.alwaysdata.net
  INFO [f75f29e5] Finished in 0.157 seconds with exit status 0 (successful).
  INFO [4154100b] Running /usr/bin/env ln -s /home/jminguely/www/dimitrikas.ch/shared/.env /home/jminguely/www/dimitrikas.ch/releases/20181023095730/.env as jminguely@ssh-jminguely.alwaysdata.net
  INFO [8cfd36bb] Finished in 0.174 seconds with exit status 0 (successful).
  INFO [b4c4f3dd] Running /usr/bin/env rm /home/jminguely/www/dimitrikas.ch/releases/20181023095730/htdocs/.htaccess as jminguely@ssh-jminguely.alwaysdata.net
  INFO [740e6d57] Finished in 0.356 seconds with exit status 0 (successful).
  INFO [b9700d9e] Running /usr/bin/env ln -s /home/jminguely/www/dimitrikas.ch/shared/htdocs/.htaccess /home/jminguely/www/dimitrikas.ch/releases/20181023095730/htdocs/.htaccess as jminguely@ssh-jminguely.alwaysdata.net
  INFO [307e234a] Finished in 0.199 seconds with exit status 0 (successful).
  INFO [8a1d918a] Running /usr/bin/env mkdir -p /home/jminguely/www/dimitrikas.ch/releases/20181023095730/htdocs/content as jminguely@ssh-jminguely.alwaysdata.net
  INFO [f1512796] Finished in 0.165 seconds with exit status 0 (successful).
  INFO [5eaba7de] Running /usr/bin/env ln -s /home/jminguely/www/dimitrikas.ch/shared/htdocs/content/uploads /home/jminguely/www/dimitrikas.ch/releases/20181023095730/htdocs/content/uploads as jminguely@ssh-jminguely.alwaysdata.net
  INFO [4c071fee] Finished in 0.191 seconds with exit status 0 (successful).
  INFO [45bc3acc] Running php /home/jminguely/www/dimitrikas.ch/shared/composer.phar install --no-dev --prefer-dist --no-interaction --quiet --optimize-autoloader as jminguely@ssh-jminguely.alwaysdata.net
  INFO [2134b911] Finished in 17.614 seconds with exit status 0 (successful).
  INFO [db7cda05] Running /usr/bin/env yarn --check-files --no-progress --silent as mingus@localhost
  INFO [6760d8d4] Finished in 2.579 seconds with exit status 0 (successful).
  INFO [07fa3e0f] Running /usr/bin/env yarn build --production as mingus@localhost
  INFO [17618ea2] Finished in 10.296 seconds with exit status 0 (successful).
  INFO Upload from local: [35mhtdocs/content/themes/dimitrikas/build[0m to remote [35m/home/jminguely/www/dimitrikas.ch/releases/20181023095730/htdocs/content/themes/dimitrikas/build[0m
  INFO Uploading htdocs/content/themes/dimitrikas/build/favicons/README.md 100.0%
  INFO Uploading htdocs/content/themes/dimitrikas/build/css/base.css 15.59%
  INFO Uploading htdocs/content/themes/dimitrikas/build/css/base.css 31.17%
  INFO Uploading htdocs/content/themes/dimitrikas/build/css/base.css 46.76%
  INFO Uploading htdocs/content/themes/dimitrikas/build/css/base.css 62.34%
  INFO Uploading htdocs/content/themes/dimitrikas/build/css/base.css 77.93%
  INFO Uploading htdocs/content/themes/dimitrikas/build/css/base.css 93.51%
  INFO Uploading htdocs/content/themes/dimitrikas/build/css/base.css 100.0%
  INFO Uploading htdocs/content/themes/dimitrikas/build/images/quotes.png 100.0%
  INFO Uploading htdocs/content/themes/dimitrikas/build/images/logo.png 100.0%
  INFO Uploading htdocs/content/themes/dimitrikas/build/js/app.bundle.js 100.0%
  INFO Uploading htdocs/content/themes/dimitrikas/build/js/vendors.min.js 18.97%
  INFO Uploading htdocs/content/themes/dimitrikas/build/js/vendors.min.js 37.93%
  INFO Uploading htdocs/content/themes/dimitrikas/build/js/vendors.min.js 56.9%
  INFO Uploading htdocs/content/themes/dimitrikas/build/js/vendors.min.js 75.87%
  INFO Uploading htdocs/content/themes/dimitrikas/build/js/vendors.min.js 94.83%
  INFO Uploading htdocs/content/themes/dimitrikas/build/js/vendors.min.js 100.0%
  INFO Uploading htdocs/content/themes/dimitrikas/build/icons/icons.svg 100.0%
  INFO Uploading htdocs/content/themes/dimitrikas/build/fonts/crimson-roman-webfont.woff2 49.41%
  INFO Uploading htdocs/content/themes/dimitrikas/build/fonts/crimson-roman-webfont.woff2 98.83%
  INFO Uploading htdocs/content/themes/dimitrikas/build/fonts/crimson-roman-webfont.woff2 100.0%
  INFO Uploading htdocs/content/themes/dimitrikas/build/fonts/crimson-italic-webfont.woff2 46.0%
  INFO Uploading htdocs/content/themes/dimitrikas/build/fonts/crimson-italic-webfont.woff2 91.99%
  INFO Uploading htdocs/content/themes/dimitrikas/build/fonts/crimson-italic-webfont.woff2 100.0%
  INFO [f668cbe3] Running /usr/bin/env ln -s /home/jminguely/www/dimitrikas.ch/releases/20181023095730 /home/jminguely/www/dimitrikas.ch/releases/current as jminguely@ssh-jminguely.alwaysdata.net
  INFO [4fa09f9c] Finished in 0.141 seconds with exit status 0 (successful).
  INFO [2b97ab9a] Running /usr/bin/env mv /home/jminguely/www/dimitrikas.ch/releases/current /home/jminguely/www/dimitrikas.ch as jminguely@ssh-jminguely.alwaysdata.net
  INFO [56cbf3ab] Finished in 0.145 seconds with exit status 0 (successful).
  INFO [5f57b0ae] Running /usr/bin/env echo "Branch master (at 44c9768e9bce78702328c351e0f0d22a6a3f8350) deployed as release 20181023095730 by mingus" >> /home/jminguely/www/dimitrikas.ch/revisions.log as jminguely@ssh-jminguely.alwaysdata.net
  INFO [0ab6f3b6] Finished in 0.181 seconds with exit status 0 (successful).
